<?xml version="1.0" encoding="UTF-8"?>
<testng-results ignored="0" total="2" passed="2" failed="0" skipped="0">
  <reporter-output>
  </reporter-output>
  <suite started-at="2022-09-21T19:48:14 IST" name="Default suite" finished-at="2022-09-21T19:48:15 IST" duration-ms="1430">
    <groups>
    </groups>
    <test started-at="2022-09-21T19:48:14 IST" name="Default test" finished-at="2022-09-21T19:48:15 IST" duration-ms="1430">
      <class name="Rest_API_Project.Rest_API_Project.Demo2_2">
        <test-method signature="Test()[pri:0, instance:Rest_API_Project.Rest_API_Project.Demo2_2@383bfa16]" started-at="2022-09-21T19:48:14 IST" name="Test" finished-at="2022-09-21T19:48:15 IST" duration-ms="1308" status="PASS">
          <reporter-output>
          </reporter-output>
        </test-method> <!-- Test -->
        <test-method signature="f()[pri:0, instance:Rest_API_Project.Rest_API_Project.Demo2_2@383bfa16]" started-at="2022-09-21T19:48:15 IST" name="f" finished-at="2022-09-21T19:48:15 IST" duration-ms="88" status="PASS">
          <reporter-output>
          </reporter-output>
        </test-method> <!-- f -->
      </class> <!-- Rest_API_Project.Rest_API_Project.Demo2_2 -->
    </test> <!-- Default test -->
  </suite> <!-- Default suite -->
</testng-results>
